2014-07-29 11:03:19.245 DEBUG[main|ROOT] 连接池数量：  2
2014-07-29 11:03:21.644 DEBUG[main|ROOT] insert SQL insert into XSYS_SKSQK( SSFW , SSLX , SSR , KSJG , TQSSRQ , TQSSCL , CHSSRQ , YSAJRQ , SJJSRQ , AJBS , APP_CODE , DEPT_CODE , UPDATE_TIME , ID , REG_TIME ) values( ?,?,?,?,?,?,?,?,?,?,?,?,?,?,? )
2014-07-29 11:03:21.729 DEBUG[main|ROOT] insert SQL insert into XSYS_YASTML( XH , LY , BS , JS , LX , MC , XB , CSRQ , NL , GJ , MZ , SF , SFZHM , XYJRSF , JGZWXZ , JGGBJB , QTZJZL , QTZJHM , ZY , WHCD , HYZK , ZZMM , XZJB , SZDW , ZW , TSSF , TSSLHBL , HJSZD , JL , LDRY , WCNRJTBJ , JTJJZK , GJDQ , ZZJGDM , DWXZ , TSHY , FDDBR , DBRZJZL , DBRZJHM , DZ , YZBM , LXDH , DZYX , QTLXFF , AJBS , APP_CODE , DEPT_CODE , UPDATE_TIME , ID , REG_TIME ) values( ?,?,?,?,?,?,?,?,?,?,?,?,?,?,?,?,?,?,?,?,?,?,?,?,?,?,?,?,?,?,?,?,?,?,?,?,?,?,?,?,?,?,?,?,?,?,?,?,?,? )
2014-07-29 11:03:21.762 DEBUG[main|ROOT] insert SQL insert into XSYS_XSPJCLQK( BGR , JCHBGQZCS , BKZKWCL , FHCWZJ , MSZKZWZJ , QTCWCL , XFJFZXRQ , CCXZXRQ , CCXZXJE , CCXZXWB , GPYY , AJBS , APP_CODE , DEPT_CODE , UPDATE_TIME , ID , REG_TIME ) values( ?,?,?,?,?,?,?,?,?,?,?,?,?,?,?,?,? )
2014-07-29 11:03:21.772 DEBUG[main|ROOT] insert SQL insert into XSYS_XSFDMSSSGK( TQSSRQ , TQRLX , YGR , BGR , TCPCZE , LASPYJ , LASPRQ , JARQ , JAFS , SXRQ , AJBS , APP_CODE , DEPT_CODE , UPDATE_TIME , ID , REG_TIME ) values( ?,?,?,?,?,?,?,?,?,?,?,?,?,?,?,? )
2014-07-29 11:03:21.785 DEBUG[main|ROOT] insert SQL insert into XSYS_QKLJQK( BGR , XH , CFNR , CFYY , PCJG , KSRQ , JSRQ , AJBS , APP_CODE , DEPT_CODE , UPDATE_TIME , ID , REG_TIME ) values( ?,?,?,?,?,?,?,?,?,?,?,?,? )
2014-07-29 11:03:21.790 DEBUG[main|ROOT] insert SQL insert into XSYS_BAQX( SXQSRQ , SXJMRQ , LAQXJMRQ , SLJSRQ , FDLAQX , SJLATS , LACQTS , FDSXTS , SJSLTS , CSXTS , CSXBS , CSXYY , AJBS , APP_CODE , DEPT_CODE , UPDATE_TIME , ID , REG_TIME ) values( ?,?,?,?,?,?,?,?,?,?,?,?,?,?,?,?,?,? )
2014-07-29 11:03:21.797 DEBUG[main|ROOT] insert SQL insert into XSYS_YSQK( XH , JBFY , AH , AY , SPCX , LARQ , JARQ , JAFS , SXRQ , TQXALY , TQXARQ , SXFLWSBH , YCPLX , AJBS , APP_CODE , DEPT_CODE , UPDATE_TIME , ID , REG_TIME ) values( ?,?,?,?,?,?,?,?,?,?,?,?,?,?,?,?,?,?,? )
2014-07-29 11:03:21.805 DEBUG[main|ROOT] insert SQL insert into XSYS_SFJY( XH , TCRQ , JYDX , JYS , FKRQ , FKYJ , AJBS , APP_CODE , DEPT_CODE , UPDATE_TIME , ID , REG_TIME ) values( ?,?,?,?,?,?,?,?,?,?,?,? )
2014-07-29 11:03:21.828 DEBUG[main|ROOT] insert SQL insert into XSYS_HBQK( XH , HBLX , SQHBRQ , HBYY , HBR , HBSQR , HBJG , HBJDR , HBJDRQ , HBJD , AJBS , APP_CODE , DEPT_CODE , UPDATE_TIME , ID , REG_TIME ) values( ?,?,?,?,?,?,?,?,?,?,?,?,?,?,?,? )
2014-07-29 11:03:21.836 DEBUG[main|ROOT] insert SQL insert into XSYS_FYCL( XH , LX , SQR , SQRQ , CLRQ , CLJG , FYWS , AJBS , APP_CODE , DEPT_CODE , UPDATE_TIME , ID , REG_TIME ) values( ?,?,?,?,?,?,?,?,?,?,?,?,? )
2014-07-29 11:03:21.842 DEBUG[main|ROOT] insert SQL insert into XSYS_FASSXWCL( XH , XWR , XWLX , CLRQ , CLJG , FKJE , FKJNRQ , JLTS , JLCS , CLWS , AJBS , APP_CODE , DEPT_CODE , UPDATE_TIME , ID , REG_TIME ) values( ?,?,?,?,?,?,?,?,?,?,?,?,?,?,?,? )
2014-07-29 11:03:21.849 DEBUG[main|ROOT] insert SQL insert into XSYS_DZZM( BGR , XH , ZM , ZMZS , AJBS , APP_CODE , DEPT_CODE , UPDATE_TIME , ID , REG_TIME ) values( ?,?,?,?,?,?,?,?,?,? )
2014-07-29 11:03:21.852 DEBUG[main|ROOT] insert SQL insert into XSYS_DZLXXX( BGR , XH , LXLX , ZKZM , FZDW , PCQK , WZYY , BFXSZRYY , DZZM , ZXZL , ZYXQN , ZYXQY , HXZL , HXXQN , HXXQY , DCFJX , BCFJX , BDZZQLZS , BDZZQLN , BDZZQLY , FJSE , MSCCJE , FDXYXCX , HXSPLXJG , LXSXRQ , AJBS , APP_CODE , DEPT_CODE , UPDATE_TIME , ID , REG_TIME ) values( ?,?,?,?,?,?,?,?,?,?,?,?,?,?,?,?,?,?,?,?,?,?,?,?,?,?,?,?,?,?,? )
2014-07-29 11:03:21.860 DEBUG[main|ROOT] insert SQL insert into XSYS_STWJ( XH , STLB , STBH , XSMC , WJMC , WJGS , WJDX , CJR , CJSJ , ZJXGR , ZJXGSJ , BZ , AJBS , APP_CODE , DEPT_CODE , UPDATE_TIME , ID , REG_TIME ) values( ?,?,?,?,?,?,?,?,?,?,?,?,?,?,?,?,?,? )
2014-07-29 11:03:21.865 DEBUG[main|ROOT] insert SQL insert into XSYS_SPZZCY( XH , YCY , XCY , JS , PSYYQF , BGRQ , BGYY , AJBS , APP_CODE , DEPT_CODE , UPDATE_TIME , ID , REG_TIME ) values( ?,?,?,?,?,?,?,?,?,?,?,?,? )
2014-07-29 11:03:21.872 DEBUG[main|ROOT] insert SQL insert into XSYS_SWHTL( XH , TLRQ , YTLX , CJRY , TLYJ , DSRYJ , TLBL , TLJG , AJBS , APP_CODE , DEPT_CODE , UPDATE_TIME , ID , REG_TIME ) values( ?,?,?,?,?,?,?,?,?,?,?,?,?,? )
2014-07-29 11:03:21.904 DEBUG[main|ROOT] insert SQL insert into XSYS_SLJD( AJJZJD , AJBS , APP_CODE , DEPT_CODE , UPDATE_TIME , ID , REG_TIME ) values( ?,?,?,?,?,?,? )
2014-07-29 11:03:21.910 DEBUG[main|ROOT] insert SQL insert into XSYS_YCSXJL( XH , YY , SQRQ , PZJG , PZRQ , KSRQ , YCQJ , XGWS , AJBS , APP_CODE , DEPT_CODE , UPDATE_TIME , ID , REG_TIME ) values( ?,?,?,?,?,?,?,?,?,?,?,?,?,? )
2014-07-29 11:03:21.916 DEBUG[main|ROOT] insert SQL insert into XSYS_QZCSJL( BGR , XH , FS , ZL , JG , SSRQ , JYCS , BGYY , AJBS , APP_CODE , DEPT_CODE , UPDATE_TIME , ID , REG_TIME ) values( ?,?,?,?,?,?,?,?,?,?,?,?,?,? )
2014-07-29 11:03:21.920 DEBUG[main|ROOT] insert SQL insert into XSYS_DSRSSHD( TSR , BTSR , TSRQ , DWTS , YBHRGX , SLYQ , SQCS , ZZSS , YSR , DBRQ , CRTSSS , SQFSCS , FSDX , FSCLJG , WCTCS , WCTYY , JBDTCS , WLTTCS , JBDTHTTCL , BHLX , JJDL , CSZDDX , FLYZYY , AJBS , APP_CODE , DEPT_CODE , UPDATE_TIME , ID , REG_TIME ) values( ?,?,?,?,?,?,?,?,?,?,?,?,?,?,?,?,?,?,?,?,?,?,?,?,?,?,?,?,? )
2014-07-29 11:03:21.943 DEBUG[main|ROOT] insert SQL insert into XSYS_KCSXJL( XH , LX , ZZSY , YQSLSY , QTSY , QSRQ , JSRQ , XGWS , AJBS , APP_CODE , DEPT_CODE , UPDATE_TIME , ID , REG_TIME ) values( ?,?,?,?,?,?,?,?,?,?,?,?,?,? )
2014-07-29 11:03:21.950 DEBUG[main|ROOT] insert SQL insert into XSYS_PBJL( XH , PBJG , PBLD , PBRQ , PBWH , PBYQ , BGJG , YBJGRQ , PBSX , DQHB , GPDB , AJBS , APP_CODE , DEPT_CODE , UPDATE_TIME , ID , REG_TIME ) values( ?,?,?,?,?,?,?,?,?,?,?,?,?,?,?,?,? )
2014-07-29 11:03:21.954 DEBUG[main|ROOT] insert SQL insert into XSYS_BHXX( FHFY , BHLX , BHRQ , BHCL , YSJZRQ , JSBHRQ , AJBS , APP_CODE , DEPT_CODE , UPDATE_TIME , ID , REG_TIME ) values( ?,?,?,?,?,?,?,?,?,?,?,? )
2014-07-29 11:03:21.962 DEBUG[main|ROOT] insert SQL insert into XSYS_ZKZM( BGR , XH , ZM , ZMZS , AJBS , APP_CODE , DEPT_CODE , UPDATE_TIME , ID , REG_TIME ) values( ?,?,?,?,?,?,?,?,?,? )
2014-07-29 11:03:21.965 DEBUG[main|ROOT] insert SQL insert into XSYS_KBYJ( XH , LX , TCR , NR , ZJ , CN , BCNLY , AJBS , APP_CODE , DEPT_CODE , UPDATE_TIME , ID , REG_TIME ) values( ?,?,?,?,?,?,?,?,?,?,?,?,? )
2014-07-29 11:03:21.976 DEBUG[main|ROOT] insert SQL insert into XSYS_SAHLAXX( AH , SATJ , SSXZ , AJLY , SDSZRQ , QSZZM , QSS , SAJZCL , CXQS , JYSYJYCX , LABMBS , LABM , SADJR , SCR , SCRQ , SCYJ , SPR , LASPRQ , SPYJ , LARQ , AJBS , APP_CODE , DEPT_CODE , UPDATE_TIME , ID , REG_TIME ) values( ?,?,?,?,?,?,?,?,?,?,?,?,?,?,?,?,?,?,?,?,?,?,?,?,?,? )
2014-07-29 11:03:21.984 DEBUG[main|ROOT] insert SQL insert into XSYS_WS( XH , LB , MC , ZZR , ZZSJ , NR , STWJ , AJBS , APP_CODE , DEPT_CODE , UPDATE_TIME , ID , REG_TIME ) values( ?,?,?,?,?,?,?,?,?,?,?,?,? )
2014-07-29 11:03:22.006 DEBUG[main|ROOT] insert SQL insert into XSYS_ZHZXSXQK( BGR , ZTSXZXBG , ZTZXYY , ZTZXSXML , ZTRQ , AJBS , APP_CODE , DEPT_CODE , UPDATE_TIME , ID , REG_TIME ) values( ?,?,?,?,?,?,?,?,?,?,? )
2014-07-29 11:03:22.013 DEBUG[main|ROOT] insert SQL insert into XSYS_AJCLQK( XH , CLRQ , CLFS , SJFW , ZDDX , WSLX , AJCLWS , TZLX , ZDJZQX , QFR , DCQSR , JBQSR , QSRQ , JA , AJBS , APP_CODE , DEPT_CODE , UPDATE_TIME , ID , REG_TIME ) values( ?,?,?,?,?,?,?,?,?,?,?,?,?,?,?,?,?,?,?,? )
2014-07-29 11:03:22.026 DEBUG[main|ROOT] insert SQL insert into XSYS_AJSLQK( JSRQ , CBSPTBS , CBSPT , CBR , SYCX , BGRTYRZCX , GXYJ , TQZJJH , FYSJDQZJ , DYSJ , AJSJ , AJDXYX , GTFZ , TABGRBZAYY , AJJZ , SLBG , GKSL , BGKSLYY , WTSX , STFY , SZDHYSFY , KTSL , SFTQYZTJSWH , AJBS , APP_CODE , DEPT_CODE , UPDATE_TIME , ID , REG_TIME ) values( ?,?,?,?,?,?,?,?,?,?,?,?,?,?,?,?,?,?,?,?,?,?,?,?,?,?,?,?,? )
2014-07-29 11:03:22.032 DEBUG[main|ROOT] insert SQL insert into XSYS_AJPY( XH , PYLX , PYRQ , CBRYJ , SPZYJ , QTCYYJ , DSRYJ , PYBL , TLJG , AJBS , APP_CODE , DEPT_CODE , UPDATE_TIME , ID , REG_TIME ) values( ?,?,?,?,?,?,?,?,?,?,?,?,?,?,? )
2014-07-29 11:03:22.054 DEBUG[main|ROOT] insert SQL insert into XSYS_JCJGJSPWFCXTCYJ( XH , LY , NR , TCRQ , CN , AJBS , APP_CODE , DEPT_CODE , UPDATE_TIME , ID , REG_TIME ) values( ?,?,?,?,?,?,?,?,?,?,? )
2014-07-29 11:03:22.057 DEBUG[main|ROOT] insert SQL insert into XSYS_SXFHQK( BGR , BHRQ , HZSXRQ , HZSXZM , SXZZML , SXMLQFRQ , AJBS , APP_CODE , DEPT_CODE , UPDATE_TIME , ID , REG_TIME ) values( ?,?,?,?,?,?,?,?,?,?,?,? )
2014-07-29 11:03:22.062 DEBUG[main|ROOT] insert SQL insert into XSYS_SXZXQK( BGR , ZXRQ , ZXDD , ZXFS , ZXRY , XCJDR , ZXSZFZT , ZFLXYY , ZXSXBG , AJBS , APP_CODE , DEPT_CODE , UPDATE_TIME , ID , REG_TIME ) values( ?,?,?,?,?,?,?,?,?,?,?,?,?,?,? )
2014-07-29 11:03:22.068 DEBUG[main|ROOT] insert SQL insert into XSYS_FTSYJL( XH , FTYT , TC , KSSJ , JSSJ , DD , GKKT , DTDSR , JBDTDSR , WLTTDSR , DTSSDLR , CTZZZR , BHRWZBH , JJBHHDL , DWXC , PTRS , RDDBPTRS , ZXWYPTRS , SWHDTTA , XPQK , BL , TZCJQK , AJBS , APP_CODE , DEPT_CODE , UPDATE_TIME , ID , REG_TIME ) values( ?,?,?,?,?,?,?,?,?,?,?,?,?,?,?,?,?,?,?,?,?,?,?,?,?,?,?,? )
2014-07-29 11:03:22.088 DEBUG[main|ROOT] insert SQL insert into XSYS_FZSSGK( XH , SSMS , BGR , FZDX , BHR , ZKZM , ZASJ , ZADY , ZACS , JHZA , FZHG , QSRS , ZSRS , ZSBYZCJRS , SWRS , ZJ , ZR , AJBS , APP_CODE , DEPT_CODE , UPDATE_TIME , ID , REG_TIME ) values( ?,?,?,?,?,?,?,?,?,?,?,?,?,?,?,?,?,?,?,?,?,?,? )
2014-07-29 11:03:22.119 DEBUG[main|ROOT] insert SQL insert into XSYS_FZCYJL( BGR , XH , FZSS , FZDX , ZKZM , ZASNL , ZASSF , FZSJSZT , ZADJ , ZASD , ZQSRS , ZZSRS , ZZSBYZCJRS , ZSWRS , RDSSZJ , ZR , AJBS , APP_CODE , DEPT_CODE , UPDATE_TIME , ID , REG_TIME ) values( ?,?,?,?,?,?,?,?,?,?,?,?,?,?,?,?,?,?,?,?,?,? )
2014-07-29 11:03:22.128 DEBUG[main|ROOT] insert SQL insert into XSYS_FZDX( XH , ZL , SL , JLDW , AJBS , APP_CODE , DEPT_CODE , UPDATE_TIME , ID , REG_TIME ) values( ?,?,?,?,?,?,?,?,?,? )
2014-07-29 11:03:22.130 DEBUG[main|ROOT] insert SQL insert into XSYS_CXBG( CXBGLX , JYZPTRQ , JYZPTSPR , JYZPTYY , AJBS , APP_CODE , DEPT_CODE , UPDATE_TIME , ID , REG_TIME ) values( ?,?,?,?,?,?,?,?,?,? )
2014-07-29 11:03:22.133 DEBUG[main|ROOT] insert SQL insert into XSYS_LAYJHTAQK( XH , LAYJTSBS , LAYJTS , LAYJR , CBTBS , CBSPT , LAYJRQ , TAR , TARQ , TAYY , TAJSR , AJBS , APP_CODE , DEPT_CODE , UPDATE_TIME , ID , REG_TIME ) values( ?,?,?,?,?,?,?,?,?,?,?,?,?,?,?,?,? )
2014-07-29 11:03:22.135 DEBUG[main|ROOT] insert SQL insert into XSYS_GXCLQK( XH , TCGXYYR , TCGXYYRQ , GXWTLX , WGXQCL , GXQZYCL , GXYYCL , SJFYHF , SYSFY , AJBS , APP_CODE , DEPT_CODE , UPDATE_TIME , ID , REG_TIME ) values( ?,?,?,?,?,?,?,?,?,?,?,?,?,?,? )
2014-07-29 11:03:22.139 DEBUG[main|ROOT] insert SQL insert into XSYS_JAQK( JARQ , AY , JAFS , BYSLYY , BHZSYY , CSLX , CSCLSY , JASY , PJWHSS , AJBS , APP_CODE , DEPT_CODE , UPDATE_TIME , ID , REG_TIME ) values( ?,?,?,?,?,?,?,?,?,?,?,?,?,?,? )
2014-07-29 11:03:22.146 DEBUG[main|ROOT] insert SQL insert into XSYS_ZYXZXQK( BGR , XH , JFZXRQ , ZXFS , JWZXYY , DBQK , ZXJDS , AJBS , APP_CODE , DEPT_CODE , UPDATE_TIME , ID , REG_TIME ) values( ?,?,?,?,?,?,?,?,?,?,?,?,? )
2014-07-29 11:03:22.150 DEBUG[main|ROOT] insert SQL insert into XSYS_ZSR( XH , SSDW1 , SSDW2 , SSDW3 , ZSR , XWNL , XBHR , SSDX , AJBS , APP_CODE , DEPT_CODE , UPDATE_TIME , ID , REG_TIME ) values( ?,?,?,?,?,?,?,?,?,?,?,?,?,? )
2014-07-29 11:03:22.157 DEBUG[main|ROOT] insert SQL insert into XSYS_BGR( XH , STXH , SSDW1 , SSDW2 , SSDW3 , BGR , DWFZZJZRR , XWNL , HYHLC , FLYZYY , HXJSKYQ , CXHXJS , FZJE , ZFLX , AJBS , APP_CODE , DEPT_CODE , UPDATE_TIME , ID , REG_TIME ) values( ?,?,?,?,?,?,?,?,?,?,?,?,?,?,?,?,?,?,?,? )
2014-07-29 11:03:22.167 DEBUG[main|ROOT] insert SQL insert into XSYS_BHR( XH , SSDW1 , SSDW2 , SSDW3 , BHR , XWNL , SWQK , ZHR , WZSSJE , TCMSPCJE , DWJSSFJZYY , AJBS , APP_CODE , DEPT_CODE , UPDATE_TIME , ID , REG_TIME ) values( ?,?,?,?,?,?,?,?,?,?,?,?,?,?,?,?,? )
2014-07-29 11:03:22.180 DEBUG[main|ROOT] insert SQL insert into XSYS_ZRXX( XH , ZR , YLF , CTZZ , AJBS , APP_CODE , DEPT_CODE , UPDATE_TIME , ID , REG_TIME ) values( ?,?,?,?,?,?,?,?,?,? )
2014-07-29 11:03:22.191 DEBUG[main|ROOT] insert SQL insert into XSYS_ZJXX( XH , MC , LX , YWYJ , QZSJ , QZDD , QZQD , JZR , JZRQ , SZR , YLF , ZJSS , WTJD , JHRQ , JHZCR , JGZZ , ZZTC , RZJG , DTRZ , RZLY , BRZLY , FZSY , AJBS , APP_CODE , DEPT_CODE , UPDATE_TIME , ID , REG_TIME ) values( ?,?,?,?,?,?,?,?,?,?,?,?,?,?,?,?,?,?,?,?,?,?,?,?,?,?,?,? )
2014-07-29 11:03:22.207 DEBUG[main|ROOT] insert SQL insert into XSYS_ZJLT( XH , BHZJ , LTMD , AJBS , APP_CODE , DEPT_CODE , UPDATE_TIME , ID , REG_TIME ) values( ?,?,?,?,?,?,?,?,? )
2014-07-29 11:03:22.218 DEBUG[main|ROOT] insert SQL insert into XSYS_SSDBQK( XH , SY , DSR , FS , DBR , GX , JE , DBWMC , DBFW , DBQX , CDRQ , CDNR , AJBS , APP_CODE , DEPT_CODE , UPDATE_TIME , ID , REG_TIME ) values( ?,?,?,?,?,?,?,?,?,?,?,?,?,?,?,?,?,? )
2014-07-29 11:03:22.222 DEBUG[main|ROOT] insert SQL insert into XSYS_SSDAGL( JSR , LJR , GDR , QZH , MLH , JZH , GCPH , ZJCS , FJCS , ZJYS , FJYS , BJQK , MJ , BGQX , GDRQ , AJBS , APP_CODE , DEPT_CODE , UPDATE_TIME , ID , REG_TIME ) values( ?,?,?,?,?,?,?,?,?,?,?,?,?,?,?,?,?,?,?,?,? )
2014-07-29 11:03:22.227 DEBUG[main|ROOT] insert SQL insert into XSYS_SDJL( XH , WS , YSDRQ , SDFS , STFY , GGRQ , JYRQ , SDRQ , SDR , SSDR , QSR , DQR , QSSJ , JBQS , WSDYY , AJBS , APP_CODE , DEPT_CODE , UPDATE_TIME , ID , REG_TIME ) values( ?,?,?,?,?,?,?,?,?,?,?,?,?,?,?,?,?,?,?,?,? )
2014-07-29 11:03:22.235 DEBUG[main|ROOT] insert SQL insert into XSYS_LXQJXX( BGR , XH , ZL , QJ , FZSS , FZDX , AJBS , APP_CODE , DEPT_CODE , UPDATE_TIME , ID , REG_TIME ) values( ?,?,?,?,?,?,?,?,?,?,?,? )
2014-07-29 11:03:22.238 DEBUG[main|ROOT] insert SQL insert into XSYS_JDXX( XH , ZJXH , CXJD , CXJDLY , WTJDR , DSRWT , WTJDNR , JDJG , JDR , JDYJJJS , JDGCSM , JDJL , AJBS , APP_CODE , DEPT_CODE , UPDATE_TIME , ID , REG_TIME ) values( ?,?,?,?,?,?,?,?,?,?,?,?,?,?,?,?,?,? )
2014-07-29 11:03:22.240 DEBUG[main|ROOT] insert SQL insert into XSYS_LTZDZJ( ZJL , ZJ , SXH , ZXSSSJ , AJBS , APP_CODE , DEPT_CODE , UPDATE_TIME , ID , REG_TIME ) values( ?,?,?,?,?,?,?,?,?,? )
2014-07-29 11:03:22.243 DEBUG[main|ROOT] insert SQL insert into XSYS_XAQK( SQXARQ , XASY , XAYY , SQXABG , TYXARQ , SPR , AJBS , APP_CODE , DEPT_CODE , UPDATE_TIME , ID , REG_TIME ) values( ?,?,?,?,?,?,?,?,?,?,?,? )
2014-07-29 11:03:22.249 DEBUG[main|ROOT] insert SQL insert into XSYS_FDMSSSDSR( XH , SSDW1 , SSDW2 , SSDW3 , FDMSDSR , BGRLX , XWNL , XBHR , SSDX , AJBS , APP_CODE , DEPT_CODE , UPDATE_TIME , ID , REG_TIME ) values( ?,?,?,?,?,?,?,?,?,?,?,?,?,?,? )
2014-07-29 11:03:22.254 DEBUG[main|ROOT] insert SQL insert into XSYS_FDMSSSPCXX( BGR , BQQPCJE , PCPCJE , PCFS , PCJFWB , PCJFJE , PCJFRQ , HXSPCLJG , AJBS , APP_CODE , DEPT_CODE , UPDATE_TIME , ID , REG_TIME ) values( ?,?,?,?,?,?,?,?,?,?,?,?,?,? )
2014-07-29 11:05:26.752 DEBUG[main|ROOT] 连接池数量：  2
2014-07-29 11:05:28.338 DEBUG[main|ROOT] insert SQL insert into XSYS_SKSQK( SSFW , SSLX , SSR , KSJG , TQSSRQ , TQSSCL , CHSSRQ , YSAJRQ , SJJSRQ , AJBS , APP_CODE , DEPT_CODE , UPDATE_TIME , ID , REG_TIME ) values( ?,?,?,?,?,?,?,?,?,?,?,?,?,?,? )
2014-07-29 11:06:08.420 DEBUG[main|ROOT] 连接池数量：  2
2014-07-29 11:06:10.020 DEBUG[main|ROOT] insert SQL insert into XSYS_SKSQK( SSFW , SSLX , SSR , KSJG , TQSSRQ , TQSSCL , CHSSRQ , YSAJRQ , SJJSRQ , AJBS , APP_CODE , DEPT_CODE , UPDATE_TIME , ID , REG_TIME ) values( ?,?,?,?,?,?,?,?,?,?,?,?,?,?,? )
2014-07-29 11:06:10.091 DEBUG[main|ROOT] insert SQL insert into XSYS_YASTML( XH , LY , BS , JS , LX , MC , XB , CSRQ , NL , GJ , MZ , SF , SFZHM , XYJRSF , JGZWXZ , JGGBJB , QTZJZL , QTZJHM , ZY , WHCD , HYZK , ZZMM , XZJB , SZDW , ZW , TSSF , TSSLHBL , HJSZD , JL , LDRY , WCNRJTBJ , JTJJZK , GJDQ , ZZJGDM , DWXZ , TSHY , FDDBR , DBRZJZL , DBRZJHM , DZ , YZBM , LXDH , DZYX , QTLXFF , AJBS , APP_CODE , DEPT_CODE , UPDATE_TIME , ID , REG_TIME ) values( ?,?,?,?,?,?,?,?,?,?,?,?,?,?,?,?,?,?,?,?,?,?,?,?,?,?,?,?,?,?,?,?,?,?,?,?,?,?,?,?,?,?,?,?,?,?,?,?,?,? )
2014-07-29 11:06:10.206 DEBUG[main|ROOT] updateSQL 93:91 ? update XSYS_YASTML set  XH=?, LY=?, BS=?, JS=?, LX=?, MC=?, XB=?, CSRQ=?, NL=?, GJ=?, MZ=?, SF=?, SFZHM=?, XYJRSF=?, JGZWXZ=?, JGGBJB=?, QTZJZL=?, QTZJHM=?, ZY=?, WHCD=?, HYZK=?, ZZMM=?, XZJB=?, SZDW=?, ZW=?, TSSF=?, TSSLHBL=?, HJSZD=?, JL=?, LDRY=?, WCNRJTBJ=?, JTJJZK=?, GJDQ=?, ZZJGDM=?, DWXZ=?, TSHY=?, FDDBR=?, DBRZJZL=?, DBRZJHM=?, DZ=?, YZBM=?, LXDH=?, DZYX=?, QTLXFF=?, AJBS=?, APP_CODE=?, DEPT_CODE=?, UPDATE_TIME =?  where  XH=? and LY=? and BS=? and LX=? and MC=? and XB=? and CSRQ=? and NL=? and GJ=? and MZ=? and SF=? and SFZHM=? and XYJRSF=? and JGZWXZ=? and JGGBJB=? and QTZJZL=? and QTZJHM=? and ZY=? and WHCD=? and HYZK=? and ZZMM=? and XZJB=? and SZDW=? and ZW=? and TSSF=? and TSSLHBL=? and HJSZD=? and LDRY=? and WCNRJTBJ=? and JTJJZK=? and GJDQ=? and ZZJGDM=? and DWXZ=? and TSHY=? and FDDBR=? and DBRZJZL=? and DBRZJHM=? and DZ=? and YZBM=? and LXDH=? and DZYX=? and QTLXFF=? and AJBS  =?
